{"level":"info","message":"Server is running on port 9000","service":"markrin-backend","timestamp":"2026-02-09 23:44:34"}
{"level":"info","message":"Server is running on port 9000","service":"markrin-backend","timestamp":"2026-02-09 23:44:34"}
{"level":"info","message":"Server is running on port 9000","service":"markrin-backend","timestamp":"2026-02-09 23:44:52"}
{"level":"info","message":"Server is running on port 9000","service":"markrin-backend","timestamp":"2026-02-09 23:46:30"}
{"level":"info","message":"Server is running on port 9000","service":"markrin-backend","timestamp":"2026-02-09 23:46:30"}
{"level":"info","message":"Server is running on port 9000","service":"markrin-backend","timestamp":"2026-02-09 23:46:38"}
{"level":"info","message":"Server is running on port 9000","service":"markrin-backend","timestamp":"2026-02-09 23:46:38"}
{"level":"info","message":"Server is running on port 9000","service":"markrin-backend","timestamp":"2026-02-09 23:46:47"}
{"level":"info","message":"Server is running on port 9000","service":"markrin-backend","timestamp":"2026-02-09 23:46:47"}
{"level":"info","message":"Server is running on port 9000","service":"markrin-backend","timestamp":"2026-02-09 23:47:11"}
{"level":"info","message":"Server is running on port 9000","service":"markrin-backend","timestamp":"2026-02-09 23:47:11"}
{"level":"info","message":"Server is running on port 9000","service":"markrin-backend","timestamp":"2026-02-09 23:47:26"}
{"level":"info","message":"Server is running on port 9000","service":"markrin-backend","timestamp":"2026-02-09 23:48:06"}
{"level":"info","message":"Server is running on port 9000","service":"markrin-backend","timestamp":"2026-02-09 23:48:06"}
{"level":"info","message":"Server is running on port 9000","service":"markrin-backend","timestamp":"2026-02-09 23:48:21"}
{"level":"info","message":"Server is running on port 9000","service":"markrin-backend","timestamp":"2026-02-09 23:48:21"}
{"level":"info","message":"Server is running on port 9000","service":"markrin-backend","timestamp":"2026-02-09 23:48:36"}
{"level":"info","message":"Server is running on port 9000","service":"markrin-backend","timestamp":"2026-02-09 23:48:36"}
{"level":"info","message":"Server is running on port 9000","service":"markrin-backend","timestamp":"2026-02-09 23:49:04"}
{"level":"info","message":"Server is running on port 9000","service":"markrin-backend","timestamp":"2026-02-10 22:48:39"}
{"level":"info","message":"Server is running on port 9000","service":"markrin-backend","timestamp":"2026-02-11 00:01:50"}
{"level":"info","message":"Server is running on port 9000","service":"markrin-backend","timestamp":"2026-02-11 23:06:28"}
{"level":"info","message":"Server is running on port 9000","service":"markrin-backend","timestamp":"2026-02-12 21:06:13"}
{"level":"info","message":"Server is running on port 9000","service":"markrin-backend","timestamp":"2026-02-12 21:57:40"}
{"level":"info","message":"Server is running on port 9000","service":"markrin-backend","timestamp":"2026-02-12 23:55:31"}
{"level":"info","message":"Server is running on port 9000","service":"markrin-backend","timestamp":"2026-02-13 00:21:17"}
{"level":"info","message":"Server is running on port 9000","service":"markrin-backend","timestamp":"2026-02-13 00:26:19"}
{"level":"info","message":"Server is running on port 9000","service":"markrin-backend","timestamp":"2026-02-14 21:32:25"}
{"level":"info","message":"Server is running on port 9000","service":"markrin-backend","timestamp":"2026-02-14 23:29:14"}
{"level":"info","message":"Server is running on port 9000","service":"markrin-backend","timestamp":"2026-02-14 23:29:22"}
{"level":"info","message":"Server is running on port 9000","service":"markrin-backend","timestamp":"2026-02-14 23:29:42"}
{"level":"info","message":"Server is running on port 9000","service":"markrin-backend","timestamp":"2026-02-14 23:50:31"}
{"level":"info","message":"Server is running on port 9000","service":"markrin-backend","timestamp":"2026-02-14 23:52:46"}
{"level":"info","message":"Server is running on port 9000","service":"markrin-backend","timestamp":"2026-02-14 23:52:46"}
{"level":"error","message":"TypeError: Cannot read properties of undefined (reading 'map')\n    at D:\\E-Commerce\\markrin-store\\backend\\middleware\\validate.js:15:38\n    at Layer.handleRequest (D:\\E-Commerce\\markrin-store\\backend\\node_modules\\router\\lib\\layer.js:152:17)\n    at next (D:\\E-Commerce\\markrin-store\\backend\\node_modules\\router\\lib\\route.js:157:13)\n    at admin (D:\\E-Commerce\\markrin-store\\backend\\middleware\\authMiddleware.js:41:9)\n    at Layer.handleRequest (D:\\E-Commerce\\markrin-store\\backend\\node_modules\\router\\lib\\layer.js:152:17)\n    at next (D:\\E-Commerce\\markrin-store\\backend\\node_modules\\router\\lib\\route.js:157:13)\n    at protect (D:\\E-Commerce\\markrin-store\\backend\\middleware\\authMiddleware.js:26:13)\n    at process.processTicksAndRejections (node:internal/process/task_queues:105:5)","service":"markrin-backend","timestamp":"2026-02-15 00:01:20"}
{"level":"error","message":"TypeError: Cannot read properties of undefined (reading 'map')\n    at D:\\E-Commerce\\markrin-store\\backend\\middleware\\validate.js:15:38\n    at Layer.handleRequest (D:\\E-Commerce\\markrin-store\\backend\\node_modules\\router\\lib\\layer.js:152:17)\n    at next (D:\\E-Commerce\\markrin-store\\backend\\node_modules\\router\\lib\\route.js:157:13)\n    at admin (D:\\E-Commerce\\markrin-store\\backend\\middleware\\authMiddleware.js:41:9)\n    at Layer.handleRequest (D:\\E-Commerce\\markrin-store\\backend\\node_modules\\router\\lib\\layer.js:152:17)\n    at next (D:\\E-Commerce\\markrin-store\\backend\\node_modules\\router\\lib\\route.js:157:13)\n    at protect (D:\\E-Commerce\\markrin-store\\backend\\middleware\\authMiddleware.js:26:13)\n    at process.processTicksAndRejections (node:internal/process/task_queues:105:5)","service":"markrin-backend","timestamp":"2026-02-15 00:01:23"}
{"level":"error","message":"TypeError: Cannot read properties of undefined (reading 'map')\n    at D:\\E-Commerce\\markrin-store\\backend\\middleware\\validate.js:15:38\n    at Layer.handleRequest (D:\\E-Commerce\\markrin-store\\backend\\node_modules\\router\\lib\\layer.js:152:17)\n    at next (D:\\E-Commerce\\markrin-store\\backend\\node_modules\\router\\lib\\route.js:157:13)\n    at admin (D:\\E-Commerce\\markrin-store\\backend\\middleware\\authMiddleware.js:41:9)\n    at Layer.handleRequest (D:\\E-Commerce\\markrin-store\\backend\\node_modules\\router\\lib\\layer.js:152:17)\n    at next (D:\\E-Commerce\\markrin-store\\backend\\node_modules\\router\\lib\\route.js:157:13)\n    at protect (D:\\E-Commerce\\markrin-store\\backend\\middleware\\authMiddleware.js:26:13)\n    at process.processTicksAndRejections (node:internal/process/task_queues:105:5)","service":"markrin-backend","timestamp":"2026-02-15 00:01:28"}
{"level":"info","message":"Server is running on port 9000","service":"markrin-backend","timestamp":"2026-02-15 00:07:22"}
{"level":"info","message":"Server is running on port 9000","service":"markrin-backend","timestamp":"2026-02-15 00:07:22"}
{"level":"error","message":"TypeError: Cannot read properties of undefined (reading 'map')\n    at D:\\E-Commerce\\markrin-store\\backend\\middleware\\validate.js:15:38\n    at Layer.handleRequest (D:\\E-Commerce\\markrin-store\\backend\\node_modules\\router\\lib\\layer.js:152:17)\n    at next (D:\\E-Commerce\\markrin-store\\backend\\node_modules\\router\\lib\\route.js:157:13)\n    at admin (D:\\E-Commerce\\markrin-store\\backend\\middleware\\authMiddleware.js:41:9)\n    at Layer.handleRequest (D:\\E-Commerce\\markrin-store\\backend\\node_modules\\router\\lib\\layer.js:152:17)\n    at next (D:\\E-Commerce\\markrin-store\\backend\\node_modules\\router\\lib\\route.js:157:13)\n    at protect (D:\\E-Commerce\\markrin-store\\backend\\middleware\\authMiddleware.js:26:13)\n    at process.processTicksAndRejections (node:internal/process/task_queues:105:5)","service":"markrin-backend","timestamp":"2026-02-15 00:07:52"}
{"level":"error","message":"TypeError: Cannot read properties of undefined (reading 'map')\n    at D:\\E-Commerce\\markrin-store\\backend\\middleware\\validate.js:15:38\n    at Layer.handleRequest (D:\\E-Commerce\\markrin-store\\backend\\node_modules\\router\\lib\\layer.js:152:17)\n    at next (D:\\E-Commerce\\markrin-store\\backend\\node_modules\\router\\lib\\route.js:157:13)\n    at admin (D:\\E-Commerce\\markrin-store\\backend\\middleware\\authMiddleware.js:41:9)\n    at Layer.handleRequest (D:\\E-Commerce\\markrin-store\\backend\\node_modules\\router\\lib\\layer.js:152:17)\n    at next (D:\\E-Commerce\\markrin-store\\backend\\node_modules\\router\\lib\\route.js:157:13)\n    at protect (D:\\E-Commerce\\markrin-store\\backend\\middleware\\authMiddleware.js:26:13)\n    at process.processTicksAndRejections (node:internal/process/task_queues:105:5)","service":"markrin-backend","timestamp":"2026-02-15 00:09:29"}
{"level":"error","message":"TypeError: Cannot read properties of undefined (reading 'map')\n    at D:\\E-Commerce\\markrin-store\\backend\\middleware\\validate.js:15:38\n    at Layer.handleRequest (D:\\E-Commerce\\markrin-store\\backend\\node_modules\\router\\lib\\layer.js:152:17)\n    at next (D:\\E-Commerce\\markrin-store\\backend\\node_modules\\router\\lib\\route.js:157:13)\n    at admin (D:\\E-Commerce\\markrin-store\\backend\\middleware\\authMiddleware.js:41:9)\n    at Layer.handleRequest (D:\\E-Commerce\\markrin-store\\backend\\node_modules\\router\\lib\\layer.js:152:17)\n    at next (D:\\E-Commerce\\markrin-store\\backend\\node_modules\\router\\lib\\route.js:157:13)\n    at protect (D:\\E-Commerce\\markrin-store\\backend\\middleware\\authMiddleware.js:26:13)\n    at process.processTicksAndRejections (node:internal/process/task_queues:105:5)","service":"markrin-backend","timestamp":"2026-02-15 00:09:39"}
{"level":"info","message":"Server is running on port 9000","service":"markrin-backend","timestamp":"2026-02-15 00:10:54"}
{"level":"info","message":"Server is running on port 9000","service":"markrin-backend","timestamp":"2026-02-15 00:10:54"}
{"level":"info","message":"Server is running on port 9000","service":"markrin-backend","timestamp":"2026-02-15 00:11:05"}
{"level":"info","message":"Server is running on port 9000","service":"markrin-backend","timestamp":"2026-02-15 00:11:05"}
{"level":"info","message":"Server is running on port 9000","service":"markrin-backend","timestamp":"2026-02-15 00:11:19"}
{"level":"info","message":"Server is running on port 9000","service":"markrin-backend","timestamp":"2026-02-15 00:11:19"}
{"level":"info","message":"Server is running on port 9000","service":"markrin-backend","timestamp":"2026-02-15 00:48:34"}
{"level":"info","message":"Server is running on port 9000","service":"markrin-backend","timestamp":"2026-02-15 00:50:27"}
{"level":"info","message":"Server is running on port 9000","service":"markrin-backend","timestamp":"2026-02-15 01:29:33"}
{"level":"info","message":"Server is running on port 9000","service":"markrin-backend","timestamp":"2026-02-15 01:29:44"}
{"level":"info","message":"Server is running on port 9000","service":"markrin-backend","timestamp":"2026-02-15 01:29:56"}
{"level":"info","message":"Server is running on port 9000","service":"markrin-backend","timestamp":"2026-02-15 01:30:14"}
{"level":"info","message":"Server is running on port 9000","service":"markrin-backend","timestamp":"2026-02-15 01:30:33"}
{"level":"info","message":"Server is running on port 9000","service":"markrin-backend","timestamp":"2026-02-15 07:03:52"}
{"level":"info","message":"Server is running on port 9000","service":"markrin-backend","timestamp":"2026-02-15 08:33:07"}
{"level":"info","message":"Server is running on port 9000","service":"markrin-backend","timestamp":"2026-02-16 00:17:00"}
{"level":"info","message":"Server is running on port 9000","service":"markrin-backend","timestamp":"2026-02-16 00:53:35"}
{"level":"info","message":"Server is running on port 9000","service":"markrin-backend","timestamp":"2026-02-16 00:53:46"}
{"level":"info","message":"Server is running on port 9000","service":"markrin-backend","timestamp":"2026-02-16 00:53:56"}
{"level":"info","message":"Server is running on port 9000","service":"markrin-backend","timestamp":"2026-02-16 01:19:19"}
{"level":"info","message":"Server is running on port 9000","service":"markrin-backend","timestamp":"2026-02-16 01:19:24"}
{"level":"info","message":"Server is running on port 9000","service":"markrin-backend","timestamp":"2026-02-16 01:20:09"}
{"level":"info","message":"Server is running on port 9000","service":"markrin-backend","timestamp":"2026-02-16 01:30:32"}
{"level":"info","message":"Server is running on port 9000","service":"markrin-backend","timestamp":"2026-02-16 01:31:27"}
{"level":"info","message":"Server is running on port 9000","service":"markrin-backend","timestamp":"2026-02-16 01:33:04"}
{"level":"info","message":"Server is running on port 9000","service":"markrin-backend","timestamp":"2026-02-16 01:34:50"}
{"level":"info","message":"Server is running on port 9000","service":"markrin-backend","timestamp":"2026-02-16 09:56:42"}
{"level":"info","message":"Server is running on port 9000","service":"markrin-backend","timestamp":"2026-02-16 10:53:18"}
{"level":"info","message":"Server is running on port 9000","service":"markrin-backend","timestamp":"2026-02-16 10:53:48"}
{"level":"info","message":"Server is running on port 9000","service":"markrin-backend","timestamp":"2026-02-16 11:38:21"}
{"level":"info","message":"Server is running on port 9000","service":"markrin-backend","timestamp":"2026-02-16 11:38:48"}
{"level":"info","message":"Server is running on port 9000","service":"markrin-backend","timestamp":"2026-02-16 11:39:18"}
{"level":"info","message":"Server is running on port 9000","service":"markrin-backend","timestamp":"2026-02-16 11:48:08"}
{"level":"info","message":"Server is running on port 9000","service":"markrin-backend","timestamp":"2026-02-16 12:52:37"}
{"level":"info","message":"Server is running on port 9000","service":"markrin-backend","timestamp":"2026-02-16 12:52:41"}
{"level":"info","message":"Server is running on port 9000","service":"markrin-backend","timestamp":"2026-02-16 13:44:51"}
{"level":"info","message":"Server is running on port 9000","service":"markrin-backend","timestamp":"2026-02-16 13:52:54"}
{"level":"info","message":"Server is running on port 9000","service":"markrin-backend","timestamp":"2026-02-16 13:53:00"}
{"level":"info","message":"Server is running on port 9000","service":"markrin-backend","timestamp":"2026-02-16 13:53:28"}
{"level":"error","message":"Unhandled Rejection: VersionError: No matching document found for id \"698e2247d38fc2e5c0f92778\" version 31 modifiedPaths \"refreshTokens, dob\"","service":"markrin-backend","timestamp":"2026-02-16 14:07:07"}
{"level":"info","message":"Server is running on port 9000","service":"markrin-backend","timestamp":"2026-02-16 14:53:35"}
{"level":"info","message":"Server is running on port 9000","service":"markrin-backend","timestamp":"2026-02-16 14:53:40"}
{"level":"info","message":"Server is running on port 9000","service":"markrin-backend","timestamp":"2026-02-16 14:55:37"}
{"level":"info","message":"Server is running on port 9000","service":"markrin-backend","timestamp":"2026-02-16 15:56:23"}
{"level":"info","message":"Server is running on port 9000","service":"markrin-backend","timestamp":"2026-02-16 16:50:30"}
{"level":"info","message":"Server is running on port 9000","service":"markrin-backend","timestamp":"2026-02-16 17:00:56"}
{"level":"info","message":"Server is running on port 9000","service":"markrin-backend","timestamp":"2026-02-16 20:40:06"}
{"level":"error","message":"Unhandled Rejection: VersionError: No matching document found for id \"698e2247d38fc2e5c0f92774\" version 11 modifiedPaths \"refreshTokens, dob\"","service":"markrin-backend","timestamp":"2026-02-16 22:11:20"}
{"level":"error","message":"Unhandled Rejection: VersionError: No matching document found for id \"698e2247d38fc2e5c0f92774\" version 11 modifiedPaths \"refreshTokens, dob\"","service":"markrin-backend","timestamp":"2026-02-16 22:11:20"}
{"level":"error","message":"Unhandled Rejection: VersionError: No matching document found for id \"698e2247d38fc2e5c0f92774\" version 11 modifiedPaths \"refreshTokens, dob\"","service":"markrin-backend","timestamp":"2026-02-16 22:11:20"}
{"level":"error","message":"Unhandled Rejection: VersionError: No matching document found for id \"698e2247d38fc2e5c0f92774\" version 11 modifiedPaths \"refreshTokens, dob\"","service":"markrin-backend","timestamp":"2026-02-16 22:11:20"}
{"level":"info","message":"Server is running on port 9000","service":"markrin-backend","timestamp":"2026-02-16 22:33:49"}
{"level":"info","message":"Server is running on port 9000","service":"markrin-backend","timestamp":"2026-02-17 00:10:56"}
{"level":"info","message":"Server is running on port 9000","service":"markrin-backend","timestamp":"2026-02-17 00:55:29"}
{"level":"info","message":"Server is running on port 9000","service":"markrin-backend","timestamp":"2026-02-17 00:55:50"}
{"level":"info","message":"Server is running on port 9000","service":"markrin-backend","timestamp":"2026-02-17 00:56:14"}
{"level":"error","message":"Unhandled Rejection: VersionError: No matching document found for id \"698e2247d38fc2e5c0f92774\" version 16 modifiedPaths \"refreshTokens, dob\"","service":"markrin-backend","timestamp":"2026-02-17 00:57:05"}
{"level":"error","message":"Unhandled Rejection: VersionError: No matching document found for id \"698e2247d38fc2e5c0f92774\" version 16 modifiedPaths \"refreshTokens, dob\"","service":"markrin-backend","timestamp":"2026-02-17 00:57:05"}
{"level":"info","message":"Server is running on port 9000","service":"markrin-backend","timestamp":"2026-02-17 08:14:32"}
{"level":"info","message":"Server is running on port 9000","service":"markrin-backend","timestamp":"2026-02-17 10:44:15"}
{"level":"info","message":"Server is running on port 9000","service":"markrin-backend","timestamp":"2026-02-19 11:40:21"}
{"level":"info","message":"Server is running on port 9000","service":"markrin-backend","timestamp":"2026-02-19 11:44:23"}
{"level":"info","message":"Server is running on port 9000","service":"markrin-backend","timestamp":"2026-02-19 11:50:21"}
{"level":"info","message":"Server is running on port 9000","service":"markrin-backend","timestamp":"2026-02-19 11:52:02"}
{"level":"info","message":"Server is running on port 9000","service":"markrin-backend","timestamp":"2026-02-19 12:01:52"}
{"level":"info","message":"Server is running on port 9000","service":"markrin-backend","timestamp":"2026-02-19 12:01:54"}
{"level":"info","message":"Server is running on port 9000","service":"markrin-backend","timestamp":"2026-02-19 13:58:57"}
{"level":"info","message":"Server is running on port 9000","service":"markrin-backend","timestamp":"2026-02-19 13:58:59"}
{"level":"info","message":"Server is running on port 9000","service":"markrin-backend","timestamp":"2026-02-19 14:11:35"}
{"level":"info","message":"Server is running on port 9000","service":"markrin-backend","timestamp":"2026-02-19 14:16:07"}
{"level":"info","message":"Server is running on port 9000","service":"markrin-backend","timestamp":"2026-02-19 14:19:24"}
{"level":"info","message":"Server is running on port 9000","service":"markrin-backend","timestamp":"2026-02-19 14:27:47"}
{"level":"info","message":"Server is running on port 9000","service":"markrin-backend","timestamp":"2026-02-19 14:30:43"}
{"level":"info","message":"Server is running on port 9000","service":"markrin-backend","timestamp":"2026-02-19 14:30:43"}
{"level":"info","message":"Server is running on port 9000","service":"markrin-backend","timestamp":"2026-02-19 14:31:22"}
{"level":"info","message":"Server is running on port 9000","service":"markrin-backend","timestamp":"2026-02-19 14:31:22"}
{"level":"info","message":"Server is running on port 9000","service":"markrin-backend","timestamp":"2026-02-19 14:33:55"}
{"level":"info","message":"Server is running on port 9000","service":"markrin-backend","timestamp":"2026-02-19 14:37:10"}
{"level":"info","message":"Server is running on port 9000","service":"markrin-backend","timestamp":"2026-02-19 14:40:02"}
{"level":"info","message":"Server is running on port 9000","service":"markrin-backend","timestamp":"2026-02-19 14:44:42"}
{"level":"info","message":"Server is running on port 9000","service":"markrin-backend","timestamp":"2026-02-19 14:44:43"}
{"level":"info","message":"MongoDB Connected...","service":"markrin-backend","timestamp":"2026-02-19 14:44:43"}
{"level":"info","message":"MongoDB Connected...","service":"markrin-backend","timestamp":"2026-02-19 14:44:43"}
{"level":"info","message":"Redis Connected...","service":"markrin-backend","timestamp":"2026-02-19 14:44:44"}
{"level":"info","message":"Redis Connected...","service":"markrin-backend","timestamp":"2026-02-19 14:44:44"}
{"level":"warn","message":"Redis not available, skipping worker initialization.","service":"markrin-backend","timestamp":"2026-02-19 14:44:44"}
{"level":"warn","message":"Redis not available, skipping worker initialization.","service":"markrin-backend","timestamp":"2026-02-19 14:44:44"}
{"level":"info","message":"Server is running on port 9000","service":"markrin-backend","timestamp":"2026-02-19 14:46:19"}
{"level":"info","message":"Server is running on port 9000","service":"markrin-backend","timestamp":"2026-02-19 14:46:19"}
{"level":"info","message":"MongoDB Connected...","service":"markrin-backend","timestamp":"2026-02-19 14:46:20"}
{"level":"info","message":"MongoDB Connected...","service":"markrin-backend","timestamp":"2026-02-19 14:46:20"}
{"level":"warn","message":"Redis not available, skipping worker initialization.","service":"markrin-backend","timestamp":"2026-02-19 14:46:21"}
{"level":"warn","message":"Redis not available, skipping worker initialization.","service":"markrin-backend","timestamp":"2026-02-19 14:46:21"}
{"level":"info","message":"Server is running on port 9000","service":"markrin-backend","timestamp":"2026-02-19 15:00:05"}
{"level":"info","message":"Server is running on port 9000","service":"markrin-backend","timestamp":"2026-02-19 15:00:05"}
{"level":"info","message":"Server is running on port 9000","service":"markrin-backend","timestamp":"2026-02-19 15:00:08"}
{"level":"info","message":"Server is running on port 9000","service":"markrin-backend","timestamp":"2026-02-19 15:00:08"}
{"level":"info","message":"MongoDB Connected...","service":"markrin-backend","timestamp":"2026-02-19 15:00:08"}
{"level":"info","message":"MongoDB Connected...","service":"markrin-backend","timestamp":"2026-02-19 15:00:08"}
{"level":"warn","message":"Redis not available, skipping worker initialization.","service":"markrin-backend","timestamp":"2026-02-19 15:00:09"}
{"level":"warn","message":"Redis not available, skipping worker initialization.","service":"markrin-backend","timestamp":"2026-02-19 15:00:09"}
{"level":"error","message":"Unhandled Rejection: [object Object]","service":"markrin-backend","timestamp":"2026-02-19 15:16:48"}
{"level":"error","message":"Unhandled Rejection: [object Object]","service":"markrin-backend","timestamp":"2026-02-19 15:18:26"}
{"level":"error","message":"Unhandled Rejection: [object Object]","service":"markrin-backend","timestamp":"2026-02-19 15:19:19"}
{"level":"error","message":"Unhandled Rejection: [object Object]","service":"markrin-backend","timestamp":"2026-02-19 15:20:28"}
{"level":"error","message":"Unhandled Rejection: [object Object]","service":"markrin-backend","timestamp":"2026-02-19 15:20:38"}
{"level":"error","message":"Unhandled Rejection: [object Object]","service":"markrin-backend","timestamp":"2026-02-19 15:33:57"}
{"level":"error","message":"Unhandled Rejection: [object Object]","service":"markrin-backend","timestamp":"2026-02-19 15:47:01"}
{"level":"info","message":"Server is running on port 9000","service":"markrin-backend","timestamp":"2026-02-19 15:47:49"}
{"level":"info","message":"MongoDB Connected...","service":"markrin-backend","timestamp":"2026-02-19 15:47:50"}
{"level":"warn","message":"Redis not available, skipping worker initialization.","service":"markrin-backend","timestamp":"2026-02-19 15:47:51"}
{"level":"info","message":"Server is running on port 9000","service":"markrin-backend","timestamp":"2026-02-19 15:51:01"}
{"level":"info","message":"MongoDB Connected...","service":"markrin-backend","timestamp":"2026-02-19 15:51:02"}
{"level":"warn","message":"Redis not available, skipping worker initialization.","service":"markrin-backend","timestamp":"2026-02-19 15:51:03"}
{"level":"info","message":"Server is running on port 9000","service":"markrin-backend","timestamp":"2026-02-19 15:51:08"}
{"level":"info","message":"MongoDB Connected...","service":"markrin-backend","timestamp":"2026-02-19 15:51:09"}
{"level":"warn","message":"Redis not available, skipping worker initialization.","service":"markrin-backend","timestamp":"2026-02-19 15:51:10"}
{"level":"info","message":"Server is running on port 9000","service":"markrin-backend","timestamp":"2026-02-19 15:56:52"}
{"level":"info","message":"MongoDB Connected...","service":"markrin-backend","timestamp":"2026-02-19 15:56:53"}
{"level":"warn","message":"Redis not available, skipping worker initialization.","service":"markrin-backend","timestamp":"2026-02-19 15:56:54"}
{"level":"info","message":"Server is running on port 9000","service":"markrin-backend","timestamp":"2026-02-19 15:57:55"}
{"level":"info","message":"MongoDB Connected...","service":"markrin-backend","timestamp":"2026-02-19 15:57:56"}
{"level":"warn","message":"Redis not available, skipping worker initialization.","service":"markrin-backend","timestamp":"2026-02-19 15:57:57"}
{"level":"info","message":"Server is running on port 9000","service":"markrin-backend","timestamp":"2026-02-19 15:58:25"}
{"level":"info","message":"MongoDB Connected...","service":"markrin-backend","timestamp":"2026-02-19 15:58:26"}
{"level":"warn","message":"Redis not available, skipping worker initialization.","service":"markrin-backend","timestamp":"2026-02-19 15:58:27"}
{"level":"info","message":"Server is running on port 9000","service":"markrin-backend","timestamp":"2026-02-19 16:04:18"}
{"level":"info","message":"Server is running on port 9000","service":"markrin-backend","timestamp":"2026-02-19 16:04:20"}
{"level":"info","message":"MongoDB Connected...","service":"markrin-backend","timestamp":"2026-02-19 16:04:21"}
{"level":"warn","message":"Redis not available, skipping worker initialization.","service":"markrin-backend","timestamp":"2026-02-19 16:04:22"}
{"level":"info","message":"Server is running on port 9000","service":"markrin-backend","timestamp":"2026-02-19 16:04:48"}
{"level":"info","message":"MongoDB Connected...","service":"markrin-backend","timestamp":"2026-02-19 16:04:48"}
{"level":"warn","message":"Redis not available, skipping worker initialization.","service":"markrin-backend","timestamp":"2026-02-19 16:04:49"}
{"level":"info","message":"Server is running on port 9000","service":"markrin-backend","timestamp":"2026-02-19 16:05:19"}
{"level":"info","message":"MongoDB Connected...","service":"markrin-backend","timestamp":"2026-02-19 16:05:19"}
{"level":"warn","message":"Redis not available, skipping worker initialization.","service":"markrin-backend","timestamp":"2026-02-19 16:05:20"}
{"level":"error","message":"Unhandled Rejection: VersionError: No matching document found for id \"6993716aef5283de2ab59c04\" version 4 modifiedPaths \"refreshTokens\"","service":"markrin-backend","timestamp":"2026-02-19 16:10:19"}
{"level":"info","message":"Server is running on port 9000","service":"markrin-backend","timestamp":"2026-02-19 16:25:06"}
{"level":"info","message":"MongoDB Connected...","service":"markrin-backend","timestamp":"2026-02-19 16:25:06"}
{"level":"warn","message":"Redis not available, skipping worker initialization.","service":"markrin-backend","timestamp":"2026-02-19 16:25:07"}
{"level":"info","message":"Server is running on port 9000","service":"markrin-backend","timestamp":"2026-02-19 16:28:34"}
{"level":"info","message":"MongoDB Connected...","service":"markrin-backend","timestamp":"2026-02-19 16:28:35"}
{"level":"warn","message":"Redis not available, skipping worker initialization.","service":"markrin-backend","timestamp":"2026-02-19 16:28:36"}
{"level":"info","message":"Server is running on port 9000","service":"markrin-backend","timestamp":"2026-02-19 16:30:42"}
{"level":"info","message":"MongoDB Connected...","service":"markrin-backend","timestamp":"2026-02-19 16:30:42"}
{"level":"warn","message":"Redis not available, skipping worker initialization.","service":"markrin-backend","timestamp":"2026-02-19 16:30:43"}
{"level":"info","message":"Server is running on port 9000","service":"markrin-backend","timestamp":"2026-02-19 16:50:55"}
{"level":"info","message":"MongoDB Connected...","service":"markrin-backend","timestamp":"2026-02-19 16:50:55"}
{"level":"warn","message":"Redis not available, skipping worker initialization.","service":"markrin-backend","timestamp":"2026-02-19 16:50:56"}
{"level":"info","message":"Server is running on port 9000","service":"markrin-backend","timestamp":"2026-02-19 16:53:19"}
{"level":"info","message":"MongoDB Connected...","service":"markrin-backend","timestamp":"2026-02-19 16:53:19"}
{"level":"warn","message":"Redis not available, skipping worker initialization.","service":"markrin-backend","timestamp":"2026-02-19 16:53:20"}
{"level":"info","message":"Server is running on port 9000","service":"markrin-backend","timestamp":"2026-02-19 17:00:44"}
{"level":"info","message":"MongoDB Connected...","service":"markrin-backend","timestamp":"2026-02-19 17:00:45"}
{"level":"warn","message":"Redis not available, skipping worker initialization.","service":"markrin-backend","timestamp":"2026-02-19 17:00:46"}
{"level":"info","message":"Server is running on port 9000","service":"markrin-backend","timestamp":"2026-02-19 17:00:52"}
{"level":"info","message":"MongoDB Connected...","service":"markrin-backend","timestamp":"2026-02-19 17:00:53"}
{"level":"warn","message":"Redis not available, skipping worker initialization.","service":"markrin-backend","timestamp":"2026-02-19 17:00:54"}
{"level":"info","message":"Server is running on port 9000","service":"markrin-backend","timestamp":"2026-02-19 17:04:39"}
{"level":"info","message":"Server is running on port 9000","service":"markrin-backend","timestamp":"2026-02-19 17:04:43"}
{"level":"info","message":"MongoDB Connected...","service":"markrin-backend","timestamp":"2026-02-19 17:04:44"}
{"level":"warn","message":"Redis not available, skipping worker initialization.","service":"markrin-backend","timestamp":"2026-02-19 17:04:45"}
{"level":"info","message":"Server is running on port 9000","service":"markrin-backend","timestamp":"2026-02-20 12:34:04"}
{"level":"info","message":"MongoDB Connected...","service":"markrin-backend","timestamp":"2026-02-20 12:34:05"}
{"level":"warn","message":"Redis not available, skipping worker initialization.","service":"markrin-backend","timestamp":"2026-02-20 12:34:06"}
{"level":"info","message":"Server is running on port 9000","service":"markrin-backend","timestamp":"2026-02-20 15:45:54"}
{"level":"info","message":"Server is running on port 9000","service":"markrin-backend","timestamp":"2026-02-20 15:45:56"}
{"level":"info","message":"MongoDB Connected...","service":"markrin-backend","timestamp":"2026-02-20 15:45:56"}
{"level":"warn","message":"Redis not available, skipping worker initialization.","service":"markrin-backend","timestamp":"2026-02-20 15:45:57"}
{"level":"info","message":"Server is running on port 9000","service":"markrin-backend","timestamp":"2026-02-20 15:58:37"}
{"level":"info","message":"MongoDB Connected...","service":"markrin-backend","timestamp":"2026-02-20 15:58:37"}
{"level":"warn","message":"Redis not available, skipping worker initialization.","service":"markrin-backend","timestamp":"2026-02-20 15:58:38"}
{"level":"info","message":"Server is running on port 9000","service":"markrin-backend","timestamp":"2026-02-20 19:03:00"}
{"level":"info","message":"Server is running on port 9000","service":"markrin-backend","timestamp":"2026-02-20 19:03:05"}
{"level":"info","message":"MongoDB Connected...","service":"markrin-backend","timestamp":"2026-02-20 19:03:06"}
{"level":"warn","message":"Redis not available, skipping worker initialization.","service":"markrin-backend","timestamp":"2026-02-20 19:03:07"}
{"level":"info","message":"Server is running on port 9000","service":"markrin-backend","timestamp":"2026-02-20 19:03:17"}
{"level":"info","message":"MongoDB Connected...","service":"markrin-backend","timestamp":"2026-02-20 19:03:18"}
{"level":"warn","message":"Redis not available, skipping worker initialization.","service":"markrin-backend","timestamp":"2026-02-20 19:03:19"}
{"level":"info","message":"Server is running on port 9000","service":"markrin-backend","timestamp":"2026-02-20 20:05:47"}
{"level":"info","message":"Server is running on port 9000","service":"markrin-backend","timestamp":"2026-02-20 20:05:57"}
{"level":"info","message":"MongoDB Connected...","service":"markrin-backend","timestamp":"2026-02-20 20:05:57"}
{"level":"warn","message":"Redis not available, skipping worker initialization.","service":"markrin-backend","timestamp":"2026-02-20 20:05:58"}
{"level":"info","message":"Server is running on port 9000","service":"markrin-backend","timestamp":"2026-02-21 01:00:08"}
{"level":"info","message":"MongoDB Connected...","service":"markrin-backend","timestamp":"2026-02-21 01:00:09"}
{"level":"warn","message":"Redis not available, skipping worker initialization.","service":"markrin-backend","timestamp":"2026-02-21 01:00:10"}
{"level":"info","message":"Server is running on port 9000","service":"markrin-backend","timestamp":"2026-02-21 01:03:34"}
{"level":"info","message":"MongoDB Connected...","service":"markrin-backend","timestamp":"2026-02-21 01:03:35"}
{"level":"warn","message":"Redis not available, skipping worker initialization.","service":"markrin-backend","timestamp":"2026-02-21 01:03:36"}
{"level":"info","message":"Server is running on port 9000","service":"markrin-backend","timestamp":"2026-02-21 01:04:06"}
{"level":"info","message":"MongoDB Connected...","service":"markrin-backend","timestamp":"2026-02-21 01:04:07"}
{"level":"warn","message":"Redis not available, skipping worker initialization.","service":"markrin-backend","timestamp":"2026-02-21 01:04:08"}
{"level":"info","message":"Server is running on port 9000","service":"markrin-backend","timestamp":"2026-02-21 01:04:28"}
{"level":"info","message":"MongoDB Connected...","service":"markrin-backend","timestamp":"2026-02-21 01:04:29"}
{"level":"warn","message":"Redis not available, skipping worker initialization.","service":"markrin-backend","timestamp":"2026-02-21 01:04:30"}
{"level":"info","message":"Server is running on port 9000","service":"markrin-backend","timestamp":"2026-02-21 01:04:52"}
{"level":"info","message":"MongoDB Connected...","service":"markrin-backend","timestamp":"2026-02-21 01:04:53"}
{"level":"warn","message":"Redis not available, skipping worker initialization.","service":"markrin-backend","timestamp":"2026-02-21 01:04:54"}
{"level":"info","message":"Server is running on port 9000","service":"markrin-backend","timestamp":"2026-02-21 01:05:07"}
{"level":"info","message":"MongoDB Connected...","service":"markrin-backend","timestamp":"2026-02-21 01:05:08"}
{"level":"warn","message":"Redis not available, skipping worker initialization.","service":"markrin-backend","timestamp":"2026-02-21 01:05:09"}
{"level":"info","message":"Server is running on port 9000","service":"markrin-backend","timestamp":"2026-02-21 01:05:50"}
{"level":"info","message":"MongoDB Connected...","service":"markrin-backend","timestamp":"2026-02-21 01:05:51"}
{"level":"warn","message":"Redis not available, skipping worker initialization.","service":"markrin-backend","timestamp":"2026-02-21 01:05:52"}
{"level":"info","message":"Server is running on port 9000","service":"markrin-backend","timestamp":"2026-02-21 01:16:37"}
{"level":"info","message":"Server is running on port 9000","service":"markrin-backend","timestamp":"2026-02-21 01:16:37"}
{"level":"info","message":"MongoDB Connected...","service":"markrin-backend","timestamp":"2026-02-21 01:16:38"}
{"level":"info","message":"MongoDB Connected...","service":"markrin-backend","timestamp":"2026-02-21 01:16:38"}
{"level":"warn","message":"Redis not available, skipping worker initialization.","service":"markrin-backend","timestamp":"2026-02-21 01:16:39"}
{"level":"warn","message":"Redis not available, skipping worker initialization.","service":"markrin-backend","timestamp":"2026-02-21 01:16:39"}
{"level":"info","message":"Server is running on port 9000","service":"markrin-backend","timestamp":"2026-02-21 01:31:47"}
{"level":"info","message":"MongoDB Connected...","service":"markrin-backend","timestamp":"2026-02-21 01:31:48"}
{"level":"warn","message":"Redis not available, skipping worker initialization.","service":"markrin-backend","timestamp":"2026-02-21 01:31:49"}
{"level":"info","message":"Server is running on port 9000","service":"markrin-backend","timestamp":"2026-02-21 01:31:56"}
{"level":"info","message":"MongoDB Connected...","service":"markrin-backend","timestamp":"2026-02-21 01:31:57"}
{"level":"warn","message":"Redis not available, skipping worker initialization.","service":"markrin-backend","timestamp":"2026-02-21 01:31:58"}
{"level":"info","message":"Server is running on port 9000","service":"markrin-backend","timestamp":"2026-02-21 01:32:40"}
{"level":"info","message":"MongoDB Connected...","service":"markrin-backend","timestamp":"2026-02-21 01:32:41"}
{"level":"info","message":"Server is running on port 9000","service":"markrin-backend","timestamp":"2026-02-21 01:32:41"}
{"level":"warn","message":"Redis not available, skipping worker initialization.","service":"markrin-backend","timestamp":"2026-02-21 01:32:42"}
{"level":"info","message":"MongoDB Connected...","service":"markrin-backend","timestamp":"2026-02-21 01:32:42"}
{"level":"warn","message":"Redis not available, skipping worker initialization.","service":"markrin-backend","timestamp":"2026-02-21 01:32:43"}
{"level":"info","message":"Server is running on port 9000","service":"markrin-backend","timestamp":"2026-02-21 01:35:54"}
{"level":"info","message":"Server is running on port 9000","service":"markrin-backend","timestamp":"2026-02-21 01:36:07"}
{"level":"info","message":"MongoDB Connected...","service":"markrin-backend","timestamp":"2026-02-21 01:36:08"}
{"level":"warn","message":"Redis not available, skipping worker initialization.","service":"markrin-backend","timestamp":"2026-02-21 01:36:09"}
{"level":"info","message":"Server is running on port 9000","service":"markrin-backend","timestamp":"2026-02-21 10:33:34"}
{"level":"info","message":"Server is running on port 9000","service":"markrin-backend","timestamp":"2026-02-21 10:33:37"}
{"level":"info","message":"MongoDB Connected...","service":"markrin-backend","timestamp":"2026-02-21 10:33:38"}
{"level":"warn","message":"Redis not available, skipping worker initialization.","service":"markrin-backend","timestamp":"2026-02-21 10:33:39"}
{"level":"info","message":"Server is running on port 9000","service":"markrin-backend","timestamp":"2026-02-21 10:55:11"}
{"level":"info","message":"MongoDB Connected...","service":"markrin-backend","timestamp":"2026-02-21 10:55:11"}
{"level":"warn","message":"Redis not available, skipping worker initialization.","service":"markrin-backend","timestamp":"2026-02-21 10:55:12"}
{"level":"info","message":"Server is running on port 9000","service":"markrin-backend","timestamp":"2026-02-21 10:56:00"}
{"level":"info","message":"MongoDB Connected...","service":"markrin-backend","timestamp":"2026-02-21 10:56:01"}
{"level":"warn","message":"Redis not available, skipping worker initialization.","service":"markrin-backend","timestamp":"2026-02-21 10:56:02"}
{"level":"info","message":"Server is running on port 9000","service":"markrin-backend","timestamp":"2026-02-21 11:08:39"}
{"level":"info","message":"MongoDB Connected...","service":"markrin-backend","timestamp":"2026-02-21 11:08:40"}
{"level":"warn","message":"Redis not available, skipping worker initialization.","service":"markrin-backend","timestamp":"2026-02-21 11:08:41"}
{"level":"info","message":"Server is running on port 9000","service":"markrin-backend","timestamp":"2026-02-21 11:09:26"}
{"level":"info","message":"MongoDB Connected...","service":"markrin-backend","timestamp":"2026-02-21 11:09:27"}
{"level":"warn","message":"Redis not available, skipping worker initialization.","service":"markrin-backend","timestamp":"2026-02-21 11:09:28"}
{"level":"info","message":"Server is running on port 9000","service":"markrin-backend","timestamp":"2026-02-21 11:10:41"}
{"level":"info","message":"MongoDB Connected...","service":"markrin-backend","timestamp":"2026-02-21 11:10:41"}
{"level":"warn","message":"Redis not available, skipping worker initialization.","service":"markrin-backend","timestamp":"2026-02-21 11:10:42"}
{"level":"info","message":"Server is running on port 9000","service":"markrin-backend","timestamp":"2026-02-21 11:10:55"}
{"level":"info","message":"MongoDB Connected...","service":"markrin-backend","timestamp":"2026-02-21 11:10:55"}
{"level":"warn","message":"Redis not available, skipping worker initialization.","service":"markrin-backend","timestamp":"2026-02-21 11:10:56"}
{"level":"info","message":"Server is running on port 9000","service":"markrin-backend","timestamp":"2026-02-21 11:36:14"}
{"level":"info","message":"Server is running on port 9000","service":"markrin-backend","timestamp":"2026-02-21 11:36:16"}
{"level":"info","message":"MongoDB Connected...","service":"markrin-backend","timestamp":"2026-02-21 11:36:17"}
{"level":"warn","message":"Redis not available, skipping worker initialization.","service":"markrin-backend","timestamp":"2026-02-21 11:36:18"}
{"level":"info","message":"Server is running on port 9000","service":"markrin-backend","timestamp":"2026-02-21 12:00:56"}
{"level":"info","message":"MongoDB Connected...","service":"markrin-backend","timestamp":"2026-02-21 12:00:56"}
{"level":"warn","message":"Redis not available, skipping worker initialization.","service":"markrin-backend","timestamp":"2026-02-21 12:00:57"}
{"level":"info","message":"Server is running on port 9000","service":"markrin-backend","timestamp":"2026-02-21 12:01:01"}
{"level":"info","message":"Server is running on port 9000","service":"markrin-backend","timestamp":"2026-02-21 12:01:06"}
{"level":"info","message":"MongoDB Connected...","service":"markrin-backend","timestamp":"2026-02-21 12:01:07"}
{"level":"warn","message":"Redis not available, skipping worker initialization.","service":"markrin-backend","timestamp":"2026-02-21 12:01:08"}
{"level":"info","message":"Server is running on port 9000","service":"markrin-backend","timestamp":"2026-02-21 12:10:08"}
{"level":"info","message":"MongoDB Connected...","service":"markrin-backend","timestamp":"2026-02-21 12:10:09"}
{"level":"warn","message":"Redis not available, skipping worker initialization.","service":"markrin-backend","timestamp":"2026-02-21 12:10:10"}
{"level":"info","message":"Server is running on port 9000","service":"markrin-backend","timestamp":"2026-02-21 12:10:27"}
{"level":"info","message":"MongoDB Connected...","service":"markrin-backend","timestamp":"2026-02-21 12:10:28"}
{"level":"warn","message":"Redis not available, skipping worker initialization.","service":"markrin-backend","timestamp":"2026-02-21 12:10:29"}
{"level":"info","message":"Server is running on port 9000","service":"markrin-backend","timestamp":"2026-02-21 12:53:51"}
{"level":"info","message":"Server is running on port 9000","service":"markrin-backend","timestamp":"2026-02-21 12:53:54"}
{"level":"info","message":"MongoDB Connected...","service":"markrin-backend","timestamp":"2026-02-21 12:53:54"}
{"level":"warn","message":"Redis not available, skipping worker initialization.","service":"markrin-backend","timestamp":"2026-02-21 12:53:55"}
{"level":"info","message":"Server is running on port 9000","service":"markrin-backend","timestamp":"2026-02-21 14:01:03"}
{"level":"info","message":"Server is running on port 9000","service":"markrin-backend","timestamp":"2026-02-21 14:01:07"}
{"level":"info","message":"MongoDB Connected...","service":"markrin-backend","timestamp":"2026-02-21 14:01:07"}
{"level":"warn","message":"Redis not available, skipping worker initialization.","service":"markrin-backend","timestamp":"2026-02-21 14:01:08"}
{"level":"info","message":"Server is running on port 9000","service":"markrin-backend","timestamp":"2026-02-21 14:03:01"}
{"level":"info","message":"MongoDB Connected...","service":"markrin-backend","timestamp":"2026-02-21 14:03:02"}
{"level":"warn","message":"Redis not available, skipping worker initialization.","service":"markrin-backend","timestamp":"2026-02-21 14:03:03"}
{"level":"info","message":"Server is running on port 9000","service":"markrin-backend","timestamp":"2026-02-21 14:17:21"}
{"level":"info","message":"MongoDB Connected...","service":"markrin-backend","timestamp":"2026-02-21 14:17:22"}
{"level":"warn","message":"Redis not available, skipping worker initialization.","service":"markrin-backend","timestamp":"2026-02-21 14:17:23"}
{"level":"info","message":"Server is running on port 9000","service":"markrin-backend","timestamp":"2026-02-21 15:27:32"}
{"level":"info","message":"Server is running on port 9000","service":"markrin-backend","timestamp":"2026-02-21 15:27:34"}
{"level":"info","message":"MongoDB Connected...","service":"markrin-backend","timestamp":"2026-02-21 15:27:35"}
{"level":"warn","message":"Redis not available, skipping worker initialization.","service":"markrin-backend","timestamp":"2026-02-21 15:27:36"}
{"level":"info","message":"Server is running on port 9000","service":"markrin-backend","timestamp":"2026-02-21 15:38:29"}
{"level":"info","message":"MongoDB Connected...","service":"markrin-backend","timestamp":"2026-02-21 15:38:30"}
{"level":"warn","message":"Redis not available, skipping worker initialization.","service":"markrin-backend","timestamp":"2026-02-21 15:38:31"}
{"level":"info","message":"Server is running on port 9000","service":"markrin-backend","timestamp":"2026-02-21 15:48:38"}
{"level":"info","message":"MongoDB Connected...","service":"markrin-backend","timestamp":"2026-02-21 15:48:39"}
{"level":"warn","message":"Redis not available, skipping worker initialization.","service":"markrin-backend","timestamp":"2026-02-21 15:48:40"}
{"level":"info","message":"Server is running on port 9000","service":"markrin-backend","timestamp":"2026-02-21 15:58:16"}
{"level":"info","message":"MongoDB Connected...","service":"markrin-backend","timestamp":"2026-02-21 15:58:17"}
{"level":"warn","message":"Redis not available, skipping worker initialization.","service":"markrin-backend","timestamp":"2026-02-21 15:58:18"}
{"level":"info","message":"Server is running on port 9000","service":"markrin-backend","timestamp":"2026-02-21 15:58:26"}
{"level":"info","message":"MongoDB Connected...","service":"markrin-backend","timestamp":"2026-02-21 15:58:27"}
{"level":"warn","message":"Redis not available, skipping worker initialization.","service":"markrin-backend","timestamp":"2026-02-21 15:58:28"}
{"level":"info","message":"Server is running on port 9000","service":"markrin-backend","timestamp":"2026-02-21 15:59:49"}
{"level":"info","message":"MongoDB Connected...","service":"markrin-backend","timestamp":"2026-02-21 15:59:49"}
{"level":"warn","message":"Redis not available, skipping worker initialization.","service":"markrin-backend","timestamp":"2026-02-21 15:59:50"}
{"level":"info","message":"Server is running on port 9000","service":"markrin-backend","timestamp":"2026-02-21 16:12:09"}
{"level":"info","message":"MongoDB Connected...","service":"markrin-backend","timestamp":"2026-02-21 16:12:09"}
{"level":"warn","message":"Redis not available, skipping worker initialization.","service":"markrin-backend","timestamp":"2026-02-21 16:12:10"}
{"level":"info","message":"Server is running on port 9000","service":"markrin-backend","timestamp":"2026-02-21 16:19:32"}
{"level":"info","message":"MongoDB Connected...","service":"markrin-backend","timestamp":"2026-02-21 16:19:33"}
{"level":"warn","message":"Redis not available, skipping worker initialization.","service":"markrin-backend","timestamp":"2026-02-21 16:19:34"}
{"level":"info","message":"Server is running on port 9000","service":"markrin-backend","timestamp":"2026-02-21 16:33:01"}
{"level":"info","message":"Server is running on port 9000","service":"markrin-backend","timestamp":"2026-02-21 16:33:04"}
{"level":"info","message":"MongoDB Connected...","service":"markrin-backend","timestamp":"2026-02-21 16:33:04"}
{"level":"warn","message":"Redis not available, skipping worker initialization.","service":"markrin-backend","timestamp":"2026-02-21 16:33:05"}
{"level":"info","message":"Server is running on port 9000","service":"markrin-backend","timestamp":"2026-02-21 16:42:25"}
{"level":"info","message":"MongoDB Connected...","service":"markrin-backend","timestamp":"2026-02-21 16:42:26"}
{"level":"warn","message":"Redis not available, skipping worker initialization.","service":"markrin-backend","timestamp":"2026-02-21 16:42:27"}
{"level":"error","message":"Unhandled Rejection: VersionError: No matching document found for id \"6993716aef5283de2ab59c04\" version 19 modifiedPaths \"refreshTokens\"","service":"markrin-backend","timestamp":"2026-02-21 16:50:08"}
{"level":"info","message":"Server is running on port 9000","service":"markrin-backend","timestamp":"2026-02-21 16:53:24"}
{"level":"info","message":"MongoDB Connected...","service":"markrin-backend","timestamp":"2026-02-21 16:53:25"}
{"level":"warn","message":"Redis not available, skipping worker initialization.","service":"markrin-backend","timestamp":"2026-02-21 16:53:26"}
{"level":"info","message":"Server is running on port 9000","service":"markrin-backend","timestamp":"2026-02-21 16:54:00"}
{"level":"info","message":"MongoDB Connected...","service":"markrin-backend","timestamp":"2026-02-21 16:54:01"}
{"level":"warn","message":"Redis not available, skipping worker initialization.","service":"markrin-backend","timestamp":"2026-02-21 16:54:02"}
{"level":"info","message":"Server is running on port 9000","service":"markrin-backend","timestamp":"2026-02-22 19:37:11"}
{"level":"info","message":"Server is running on port 9000","service":"markrin-backend","timestamp":"2026-02-22 19:37:14"}
{"level":"info","message":"MongoDB Connected...","service":"markrin-backend","timestamp":"2026-02-22 19:37:15"}
{"level":"warn","message":"Redis not available, skipping worker initialization.","service":"markrin-backend","timestamp":"2026-02-22 19:37:16"}
{"level":"info","message":"Server is running on port 9000","service":"markrin-backend","timestamp":"2026-02-22 20:50:51"}
{"level":"info","message":"MongoDB Connected...","service":"markrin-backend","timestamp":"2026-02-22 20:50:52"}
{"level":"warn","message":"Redis not available, skipping worker initialization.","service":"markrin-backend","timestamp":"2026-02-22 20:50:53"}
{"level":"info","message":"Server is running on port 9000","service":"markrin-backend","timestamp":"2026-02-25 14:08:52"}
{"level":"info","message":"Server is running on port 9000","service":"markrin-backend","timestamp":"2026-02-25 14:08:55"}
{"level":"info","message":"MongoDB Connected...","service":"markrin-backend","timestamp":"2026-02-25 14:08:56"}
{"level":"warn","message":"Redis not available, skipping worker initialization.","service":"markrin-backend","timestamp":"2026-02-25 14:08:57"}
{"level":"info","message":"Server is running on port 9000","service":"markrin-backend","timestamp":"2026-02-25 14:24:56"}
{"level":"info","message":"MongoDB Connected...","service":"markrin-backend","timestamp":"2026-02-25 14:24:57"}
{"level":"warn","message":"Redis not available, skipping worker initialization.","service":"markrin-backend","timestamp":"2026-02-25 14:24:58"}
